<?xml version="1.0" encoding="UTF-8"?>
<!-- Generated by org.testng.reporters.JUnitReportReporter -->
<testsuite hostname="DESKTOP-AK9HRF7" failures="0" tests="3" name="ApiPost.APIAutomation.LoginAPITest" time="2.355" errors="0" timestamp="2025-02-04T18:47:44 GMT-04:00" skipped="0">
  <testcase classname="ApiPost.APIAutomation.LoginAPITest" name="testInvalidLoginInvalidEmail" time="1.840"/>
  <system-out/>
  <testcase classname="ApiPost.APIAutomation.LoginAPITest" name="testValidLogin" time="0.260"/>
  <system-out/>
  <testcase classname="ApiPost.APIAutomation.LoginAPITest" name="testInvalidLoginMissingPassword" time="0.255"/>
  <system-out/>
</testsuite> <!-- ApiPost.APIAutomation.LoginAPITest -->
