<?xml version="1.0" encoding="UTF-8"?>
<!-- Generated by org.testng.reporters.JUnitReportReporter -->
<testsuite hostname="DESKTOP-AK9HRF7" failures="0" tests="3" name="ApiPost.APIAutomation.LoginAPITest" time="3.917" errors="0" timestamp="2025-02-04T19:13:48 GMT-04:00" skipped="0">
  <testcase classname="ApiPost.APIAutomation.LoginAPITest" name="testInvalidLoginInvalidEmail" time="3.228"/>
  <system-out/>
  <testcase classname="ApiPost.APIAutomation.LoginAPITest" name="testValidLogin" time="0.303"/>
  <system-out/>
  <testcase classname="ApiPost.APIAutomation.LoginAPITest" name="testInvalidLoginMissingPassword" time="0.386"/>
  <system-out/>
</testsuite> <!-- ApiPost.APIAutomation.LoginAPITest -->
